{
  "Cucumber Features": {
    "coverage": {
      "/media/sf_CS169/proj/vendor/plugins/simple_time_select/lib/simple_time_select.rb": [
        1,
        1,
        1,
        25,
        null,
        null,
        null,
        null,
        22,
        null,
        22,
        null,
        null,
        22,
        22,
        22,
        null,
        null,
        22,
        null,
        null,
        22,
        0,
        null,
        null,
        22,
        null,
        null,
        22,
        0,
        null,
        null,
        22,
        0,
        null,
        22,
        22,
        31680,
        1056,
        1056,
        1056,
        1056,
        1056,
        null,
        1056,
        1056,
        null,
        null,
        1056,
        null,
        null,
        22,
        null,
        null,
        1,
        null,
        null,
        1,
        25,
        null,
        null,
        null,
        1,
        null,
        1,
        3,
        null,
        null,
        null,
        1,
        null,
        1,
        25,
        null,
        null,
        null,
        1,
        null,
        1,
        25,
        null,
        null,
        null,
        1,
        null,
        1,
        25,
        null,
        null,
        null,
        1,
        null,
        null,
        null,
        null,
        1,
        1056,
        null,
        null,
        1,
        2112,
        null
      ],
      "/media/sf_CS169/proj/app/controllers/application_controller.rb": [
        1,
        1,
        null,
        1,
        1,
        null,
        null,
        1,
        1,
        null,
        0,
        0,
        0,
        0,
        null,
        null,
        1,
        172,
        null,
        null,
        1,
        0,
        0,
        null,
        0,
        null,
        null,
        null,
        1,
        0,
        0,
        0,
        0,
        null,
        0,
        null,
        0,
        null,
        0,
        0,
        null,
        null,
        null,
        null,
        1,
        0,
        0,
        0,
        null,
        null,
        null,
        null,
        1,
        0,
        0,
        0,
        0,
        null,
        null,
        null,
        null,
        null
      ],
      "/media/sf_CS169/proj/app/helpers/application_helper.rb": [
        1,
        null
      ],
      "/media/sf_CS169/proj/app/helpers/calendars_helper.rb": [
        1,
        null
      ],
      "/media/sf_CS169/proj/app/helpers/entries_helper.rb": [
        1,
        null,
        1,
        null,
        null,
        null,
        null
      ],
      "/media/sf_CS169/proj/app/helpers/groups_helper.rb": [
        1,
        null
      ],
      "/media/sf_CS169/proj/app/helpers/labs_helper.rb": [
        1,
        null
      ],
      "/media/sf_CS169/proj/app/helpers/periods_helper.rb": [
        1,
        null
      ],
      "/media/sf_CS169/proj/app/helpers/preferences_helper.rb": [
        1,
        null
      ],
      "/media/sf_CS169/proj/app/helpers/substitutions_helper.rb": [
        1,
        null
      ],
      "/media/sf_CS169/proj/app/helpers/time_edits_helper.rb": [
        1,
        null
      ],
      "/media/sf_CS169/proj/app/helpers/time_off_requests_helper.rb": [
        1,
        null
      ],
      "/media/sf_CS169/proj/app/helpers/users_helper.rb": [
        1,
        null
      ],
      "/media/sf_CS169/proj/app/controllers/calendars_controller.rb": [
        1,
        1,
        1,
        null,
        1,
        0,
        0,
        0,
        0,
        null,
        null,
        null,
        null,
        1,
        14,
        14,
        0,
        0,
        0,
        null,
        null,
        null,
        null,
        null,
        null,
        1,
        32,
        37,
        37,
        32,
        32,
        32,
        null,
        null,
        null,
        null,
        null,
        null,
        1,
        0,
        0,
        0,
        0,
        null,
        0,
        0,
        null,
        0,
        0,
        0,
        null,
        null,
        null,
        1,
        14,
        null,
        14,
        14,
        14,
        6,
        6,
        6,
        6,
        6,
        6,
        6,
        6,
        null,
        6,
        null,
        null,
        null,
        null,
        null,
        null,
        1,
        0,
        null,
        0,
        0,
        0,
        null,
        null,
        null,
        null,
        1,
        0,
        null,
        null,
        null,
        null,
        1,
        0,
        0,
        0,
        null,
        0,
        0,
        0,
        0,
        null,
        0,
        0,
        null,
        null,
        null,
        null,
        null,
        null,
        1,
        0,
        0,
        0,
        0,
        null,
        null,
        0,
        0,
        0,
        0,
        0,
        0,
        null,
        0,
        0,
        null,
        null,
        null,
        null,
        null,
        null,
        1,
        0,
        0,
        null,
        0,
        0,
        0,
        null,
        null,
        null
      ],
      "/media/sf_CS169/proj/app/models/calendar.rb": [
        1,
        1,
        1,
        1,
        1,
        1,
        null,
        null,
        null,
        1,
        1,
        1,
        null,
        null,
        null,
        1,
        20,
        null,
        null,
        1,
        11,
        null,
        null,
        null,
        1,
        21,
        21,
        21,
        null,
        0,
        null,
        21,
        null,
        null,
        1,
        0,
        0,
        null,
        0,
        0,
        0,
        0,
        0,
        null,
        0,
        null,
        0,
        0,
        null,
        0,
        0,
        null,
        null,
        1,
        5,
        5,
        10,
        10,
        null,
        null,
        5,
        null,
        null,
        null,
        1,
        null,
        null,
        null,
        null,
        null,
        null,
        null,
        null,
        null,
        null,
        null,
        null,
        null,
        null,
        null,
        null,
        null,
        null,
        null,
        null,
        null,
        null,
        null,
        null,
        null,
        null,
        null,
        null,
        null
      ],
      "/media/sf_CS169/proj/app/controllers/groups_controller.rb": [
        1,
        null,
        null,
        1,
        5,
        null,
        5,
        5,
        5,
        null,
        null,
        null,
        null,
        null,
        1,
        1,
        1,
        null,
        1,
        1,
        1,
        null,
        null,
        null,
        null,
        null,
        1,
        1,
        null,
        1,
        1,
        1,
        null,
        null,
        null,
        null,
        1,
        0,
        null,
        null,
        null,
        null,
        1,
        1,
        null,
        1,
        1,
        2,
        1,
        null,
        0,
        0,
        null,
        null,
        null,
        null,
        null,
        null,
        1,
        0,
        null,
        0,
        0,
        0,
        0,
        null,
        0,
        0,
        0,
        null,
        0,
        0,
        null,
        null,
        null,
        null,
        null,
        null,
        1,
        2,
        2,
        null,
        2,
        4,
        2,
        null,
        null,
        null,
        1,
        0,
        0,
        null,
        null
      ],
      "/media/sf_CS169/proj/app/models/group.rb": [
        1,
        1,
        1,
        null
      ],
      "/media/sf_CS169/proj/app/controllers/labs_controller.rb": [
        1,
        null,
        null,
        1,
        0,
        null,
        0,
        0,
        0,
        null,
        null,
        null,
        null,
        null,
        1,
        0,
        null,
        0,
        0,
        0,
        null,
        null,
        null,
        null,
        null,
        1,
        0,
        null,
        0,
        0,
        0,
        null,
        null,
        null,
        null,
        1,
        0,
        null,
        null,
        null,
        null,
        1,
        0,
        null,
        0,
        0,
        0,
        0,
        null,
        0,
        0,
        null,
        null,
        null,
        null,
        null,
        null,
        1,
        0,
        null,
        0,
        0,
        0,
        0,
        null,
        0,
        0,
        null,
        null,
        null,
        null,
        null,
        null,
        1,
        0,
        0,
        null,
        0,
        0,
        0,
        null,
        null,
        null
      ],
      "/media/sf_CS169/proj/app/models/lab.rb": [
        1,
        1,
        1,
        1,
        1,
        null,
        null,
        1,
        0,
        null,
        null,
        null
      ],
      "/media/sf_CS169/proj/app/controllers/periods_controller.rb": [
        1,
        null,
        null,
        1,
        0,
        null,
        0,
        0,
        0,
        null,
        null,
        null,
        null,
        null,
        1,
        0,
        null,
        0,
        0,
        0,
        null,
        null,
        null,
        null,
        null,
        1,
        0,
        null,
        0,
        0,
        0,
        null,
        null,
        null,
        null,
        1,
        0,
        null,
        null,
        null,
        null,
        1,
        0,
        0,
        null,
        0,
        0,
        0,
        0,
        null,
        0,
        0,
        null,
        null,
        null,
        null,
        null,
        null,
        1,
        0,
        null,
        0,
        0,
        0,
        0,
        null,
        0,
        0,
        null,
        null,
        null,
        null,
        null,
        null,
        1,
        0,
        0,
        null,
        0,
        0,
        0,
        null,
        null,
        null
      ],
      "/media/sf_CS169/proj/app/models/period.rb": [
        1,
        1,
        1,
        null,
        1,
        null,
        0,
        0,
        null,
        0,
        null,
        null,
        0,
        null,
        0,
        0,
        0,
        0,
        0,
        0,
        0,
        null,
        null,
        0,
        0,
        null,
        0,
        0,
        0,
        null,
        null,
        null,
        null,
        null
      ],
      "/media/sf_CS169/proj/app/controllers/preferences_controller.rb": [
        1,
        null,
        null,
        1,
        0,
        null,
        0,
        0,
        0,
        null,
        null,
        null,
        null,
        null,
        1,
        0,
        null,
        0,
        0,
        0,
        null,
        null,
        null,
        null,
        null,
        1,
        0,
        null,
        0,
        0,
        0,
        null,
        null,
        null,
        null,
        1,
        0,
        null,
        null,
        null,
        null,
        1,
        0,
        null,
        0,
        0,
        0,
        0,
        null,
        0,
        0,
        null,
        null,
        null,
        null,
        null,
        null,
        1,
        0,
        null,
        0,
        0,
        0,
        0,
        null,
        0,
        0,
        null,
        null,
        null,
        null,
        null,
        null,
        1,
        0,
        0,
        null,
        0,
        0,
        0,
        null,
        null,
        null
      ],
      "/media/sf_CS169/proj/app/models/preference.rb": [
        1,
        1,
        null
      ],
      "/media/sf_CS169/proj/app/controllers/substitutions_controller.rb": [
        1,
        null,
        1,
        null,
        null,
        1,
        19,
        46,
        19,
        23,
        null,
        23,
        null,
        46,
        19,
        29,
        null,
        19,
        9,
        null,
        19,
        19,
        19,
        null,
        null,
        null,
        null,
        null,
        null,
        null,
        null,
        null,
        null,
        null,
        null,
        null,
        null,
        null,
        null,
        1,
        14,
        28,
        14,
        14,
        30,
        null,
        null,
        44,
        14,
        14,
        14,
        14,
        14,
        null,
        null,
        null,
        null,
        1,
        0,
        null,
        null,
        1,
        3,
        3,
        3,
        3,
        3,
        3,
        3,
        3,
        3,
        2,
        null,
        1,
        null,
        3,
        2,
        null,
        1,
        1,
        1,
        1,
        null,
        1,
        1,
        1,
        1,
        null,
        1,
        1,
        1,
        1,
        null,
        null,
        null,
        null,
        1,
        6,
        0,
        0,
        0,
        null,
        6,
        null,
        6,
        3,
        3,
        2,
        2,
        2,
        null,
        1,
        null,
        null,
        4,
        null,
        4,
        4,
        4,
        4,
        4,
        4,
        4,
        0,
        0,
        null,
        null,
        4,
        4,
        8,
        4,
        null,
        0,
        0,
        null,
        null,
        null,
        null,
        null,
        null,
        1,
        1,
        1,
        1,
        2,
        1,
        null,
        null,
        null,
        1,
        5,
        5,
        5,
        null,
        null,
        null,
        null,
        null,
        null,
        5,
        5,
        6,
        6,
        6,
        6,
        null,
        null,
        5,
        0,
        null,
        5,
        6,
        6,
        6,
        6,
        6,
        6,
        6,
        6,
        null,
        null,
        5,
        null,
        null,
        5,
        10,
        5,
        null,
        null,
        null
      ],
      "/media/sf_CS169/proj/app/models/substitution.rb": [
        1,
        1,
        1,
        1,
        null,
        1,
        0,
        null,
        null,
        1,
        0,
        null,
        null,
        null
      ],
      "/media/sf_CS169/proj/app/controllers/time_edits_controller.rb": [
        1,
        null,
        null,
        1,
        1,
        null,
        1,
        1,
        1,
        null,
        null,
        null,
        null,
        null,
        1,
        0,
        null,
        0,
        0,
        0,
        null,
        null,
        null,
        null,
        null,
        1,
        1,
        null,
        1,
        1,
        0,
        null,
        null,
        1,
        1,
        1,
        null,
        null,
        null,
        null,
        1,
        0,
        null,
        null,
        null,
        null,
        1,
        1,
        1,
        1,
        null,
        1,
        1,
        2,
        1,
        null,
        0,
        0,
        null,
        null,
        null,
        null,
        null,
        null,
        1,
        0,
        null,
        0,
        0,
        0,
        0,
        null,
        0,
        0,
        null,
        null,
        null,
        null,
        null,
        null,
        1,
        0,
        0,
        null,
        0,
        0,
        0,
        null,
        null,
        null
      ],
      "/media/sf_CS169/proj/app/models/time_edit.rb": [
        1,
        1,
        null
      ],
      "/media/sf_CS169/proj/app/controllers/time_off_requests_controller.rb": [
        null,
        null,
        1,
        null,
        null,
        1,
        10,
        3,
        null,
        7,
        null,
        null,
        10,
        10,
        10,
        null,
        null,
        null,
        null,
        null,
        null,
        1,
        2,
        null,
        2,
        2,
        2,
        null,
        null,
        null,
        null,
        null,
        1,
        1,
        1,
        1,
        1,
        null,
        null,
        null,
        null,
        1,
        1,
        null,
        null,
        null,
        null,
        1,
        1,
        1,
        null,
        1,
        1,
        0,
        0,
        0,
        null,
        1,
        1,
        2,
        1,
        null,
        0,
        0,
        null,
        null,
        null,
        null,
        null,
        null,
        null,
        1,
        1,
        1,
        1,
        2,
        1,
        null,
        0,
        0,
        null,
        null,
        null,
        null,
        null,
        null,
        1,
        1,
        1,
        null,
        1,
        2,
        1,
        null,
        null,
        null
      ],
      "/media/sf_CS169/proj/app/models/time_off_request.rb": [
        1,
        1,
        null,
        1,
        1,
        null,
        1,
        1,
        null,
        null,
        1,
        1,
        1,
        1,
        1,
        1,
        null,
        0,
        null,
        null,
        null,
        null
      ],
      "/media/sf_CS169/proj/app/controllers/users_controller.rb": [
        1,
        1,
        null,
        1,
        null,
        null,
        null,
        1,
        4,
        null,
        4,
        4,
        4,
        null,
        null,
        null,
        null,
        null,
        1,
        null,
        8,
        8,
        null,
        8,
        8,
        8,
        null,
        null,
        null,
        null,
        null,
        1,
        0,
        null,
        0,
        0,
        0,
        null,
        null,
        null,
        null,
        1,
        0,
        null,
        null,
        null,
        null,
        1,
        0,
        0,
        0,
        null,
        null,
        1,
        32,
        32,
        32,
        32,
        null,
        32,
        null,
        null,
        null,
        null,
        1,
        0,
        null,
        0,
        0,
        0,
        0,
        null,
        0,
        0,
        null,
        null,
        null,
        null,
        null,
        null,
        1,
        3,
        null,
        3,
        3,
        3,
        3,
        null,
        3,
        6,
        3,
        null,
        0,
        0,
        null,
        null,
        null,
        null,
        null,
        null,
        1,
        0,
        0,
        null,
        0,
        0,
        0,
        null,
        null,
        null,
        1,
        0,
        null,
        null,
        1,
        1,
        1,
        null,
        1,
        1,
        null,
        1,
        1,
        null,
        1,
        null,
        null,
        1,
        3,
        3,
        null,
        null,
        null,
        null
      ],
      "/media/sf_CS169/proj/app/models/user.rb": [
        1,
        1,
        1,
        1,
        1,
        1,
        1,
        1,
        1,
        1,
        null,
        null,
        null,
        1,
        1,
        null,
        1,
        197,
        null,
        null,
        null
      ],
      "/media/sf_CS169/proj/app/models/entry.rb": [
        null,
        1,
        1,
        1,
        1,
        1,
        1,
        null,
        null,
        1,
        16,
        null,
        null,
        null
      ],
      "/media/sf_CS169/proj/app/models/group_user.rb": [
        1,
        1,
        1,
        null
      ]
    },
    "timestamp": 1335145696
  },
  "RSpec": {
    "coverage": {
      "/media/sf_CS169/proj/vendor/plugins/simple_time_select/lib/simple_time_select.rb": [
        1,
        1,
        1,
        4,
        null,
        null,
        null,
        null,
        0,
        null,
        0,
        null,
        null,
        0,
        0,
        0,
        null,
        null,
        0,
        null,
        null,
        0,
        0,
        null,
        null,
        0,
        null,
        null,
        0,
        0,
        null,
        null,
        0,
        0,
        null,
        0,
        0,
        0,
        0,
        0,
        0,
        0,
        0,
        null,
        0,
        0,
        null,
        null,
        0,
        null,
        null,
        0,
        null,
        null,
        1,
        null,
        null,
        1,
        4,
        null,
        null,
        null,
        1,
        null,
        1,
        4,
        null,
        null,
        null,
        1,
        null,
        1,
        8,
        null,
        null,
        null,
        1,
        null,
        1,
        8,
        null,
        null,
        null,
        1,
        null,
        1,
        8,
        null,
        null,
        null,
        1,
        null,
        null,
        null,
        null,
        1,
        0,
        null,
        null,
        1,
        0,
        null
      ],
      "/media/sf_CS169/proj/app/controllers/application_controller.rb": [
        1,
        1,
        null,
        1,
        1,
        null,
        null,
        1,
        1,
        null,
        0,
        0,
        0,
        0,
        null,
        null,
        1,
        140,
        null,
        null,
        1,
        0,
        0,
        null,
        0,
        null,
        null,
        null,
        1,
        0,
        0,
        0,
        0,
        null,
        0,
        null,
        0,
        null,
        0,
        0,
        null,
        null,
        null,
        null,
        1,
        0,
        0,
        0,
        null,
        null,
        null,
        null,
        1,
        0,
        0,
        0,
        0,
        null,
        null,
        null,
        null,
        null
      ],
      "/media/sf_CS169/proj/app/helpers/application_helper.rb": [
        1,
        null
      ],
      "/media/sf_CS169/proj/app/helpers/calendars_helper.rb": [
        1,
        null
      ],
      "/media/sf_CS169/proj/app/helpers/entries_helper.rb": [
        1,
        null,
        1,
        null,
        null,
        null,
        null
      ],
      "/media/sf_CS169/proj/app/helpers/groups_helper.rb": [
        1,
        null
      ],
      "/media/sf_CS169/proj/app/helpers/labs_helper.rb": [
        1,
        null
      ],
      "/media/sf_CS169/proj/app/helpers/periods_helper.rb": [
        1,
        null
      ],
      "/media/sf_CS169/proj/app/helpers/preferences_helper.rb": [
        1,
        null
      ],
      "/media/sf_CS169/proj/app/helpers/substitutions_helper.rb": [
        1,
        null
      ],
      "/media/sf_CS169/proj/app/helpers/time_edits_helper.rb": [
        1,
        null
      ],
      "/media/sf_CS169/proj/app/helpers/time_off_requests_helper.rb": [
        1,
        null
      ],
      "/media/sf_CS169/proj/app/helpers/users_helper.rb": [
        1,
        null
      ],
      "/media/sf_CS169/proj/app/controllers/calendars_controller.rb": [
        1,
        1,
        1,
        null,
        1,
        0,
        0,
        0,
        0,
        null,
        null,
        null,
        null,
        1,
        8,
        8,
        0,
        0,
        0,
        null,
        null,
        null,
        null,
        null,
        null,
        1,
        0,
        0,
        0,
        0,
        0,
        0,
        null,
        null,
        null,
        null,
        null,
        null,
        1,
        0,
        0,
        0,
        0,
        null,
        0,
        0,
        null,
        0,
        0,
        0,
        null,
        null,
        null,
        1,
        1,
        null,
        1,
        1,
        1,
        0,
        0,
        0,
        0,
        0,
        0,
        0,
        0,
        null,
        0,
        null,
        null,
        null,
        null,
        null,
        null,
        1,
        1,
        null,
        1,
        1,
        1,
        null,
        null,
        null,
        null,
        1,
        1,
        null,
        null,
        null,
        null,
        1,
        5,
        5,
        5,
        null,
        5,
        5,
        6,
        3,
        null,
        4,
        2,
        null,
        null,
        null,
        null,
        null,
        null,
        1,
        4,
        4,
        0,
        0,
        null,
        null,
        4,
        4,
        2,
        2,
        4,
        2,
        null,
        4,
        2,
        null,
        null,
        null,
        null,
        null,
        null,
        1,
        2,
        2,
        null,
        2,
        4,
        2,
        null,
        null,
        null
      ],
      "/media/sf_CS169/proj/app/models/calendar.rb": [
        1,
        1,
        1,
        1,
        1,
        1,
        null,
        null,
        null,
        1,
        1,
        1,
        null,
        null,
        null,
        1,
        12,
        null,
        null,
        1,
        0,
        null,
        null,
        1,
        0,
        null,
        null,
        null,
        1,
        0,
        0,
        0,
        null,
        0,
        null,
        0,
        null,
        null,
        1,
        1,
        1,
        null,
        1,
        2,
        2,
        2,
        2,
        null,
        0,
        null,
        2,
        2,
        null,
        1,
        1,
        null,
        null,
        1,
        3,
        3,
        3,
        3,
        null,
        null,
        3,
        null,
        null,
        null,
        1,
        null,
        null,
        null,
        null,
        null,
        null,
        null,
        null,
        null,
        null,
        null,
        null,
        null,
        null,
        null,
        null,
        null,
        null,
        null,
        null,
        null,
        null,
        null,
        null,
        null,
        null,
        null,
        null,
        null
      ],
      "/media/sf_CS169/proj/app/controllers/groups_controller.rb": [
        1,
        null,
        null,
        1,
        1,
        null,
        1,
        1,
        1,
        null,
        null,
        null,
        null,
        null,
        1,
        1,
        1,
        null,
        1,
        1,
        1,
        null,
        null,
        null,
        null,
        null,
        1,
        1,
        null,
        1,
        1,
        1,
        null,
        null,
        null,
        null,
        1,
        1,
        null,
        null,
        null,
        null,
        1,
        5,
        null,
        5,
        5,
        6,
        3,
        null,
        4,
        2,
        null,
        null,
        null,
        null,
        null,
        null,
        1,
        5,
        null,
        5,
        5,
        0,
        0,
        0,
        null,
        5,
        4,
        2,
        null,
        6,
        3,
        null,
        null,
        null,
        null,
        null,
        null,
        1,
        2,
        2,
        null,
        2,
        4,
        2,
        null,
        null,
        null,
        1,
        0,
        0,
        null,
        null
      ],
      "/media/sf_CS169/proj/app/models/group.rb": [
        1,
        1,
        1,
        null
      ],
      "/media/sf_CS169/proj/app/controllers/labs_controller.rb": [
        1,
        null,
        null,
        1,
        1,
        null,
        1,
        1,
        1,
        null,
        null,
        null,
        null,
        null,
        1,
        1,
        null,
        1,
        1,
        1,
        null,
        null,
        null,
        null,
        null,
        1,
        1,
        null,
        1,
        1,
        1,
        null,
        null,
        null,
        null,
        1,
        1,
        null,
        null,
        null,
        null,
        1,
        5,
        null,
        5,
        5,
        6,
        3,
        null,
        4,
        2,
        null,
        null,
        null,
        null,
        null,
        null,
        1,
        5,
        null,
        5,
        5,
        4,
        2,
        null,
        6,
        3,
        null,
        null,
        null,
        null,
        null,
        null,
        1,
        2,
        2,
        null,
        2,
        4,
        2,
        null,
        null,
        null
      ],
      "/media/sf_CS169/proj/app/models/lab.rb": [
        1,
        1,
        1,
        1,
        1,
        null,
        null,
        1,
        0,
        null,
        null,
        null
      ],
      "/media/sf_CS169/proj/app/controllers/periods_controller.rb": [
        1,
        null,
        null,
        1,
        1,
        null,
        1,
        1,
        1,
        null,
        null,
        null,
        null,
        null,
        1,
        1,
        null,
        1,
        1,
        1,
        null,
        null,
        null,
        null,
        null,
        1,
        1,
        null,
        1,
        1,
        1,
        null,
        null,
        null,
        null,
        1,
        1,
        null,
        null,
        null,
        null,
        1,
        5,
        5,
        null,
        5,
        5,
        6,
        3,
        null,
        4,
        2,
        null,
        null,
        null,
        null,
        null,
        null,
        1,
        5,
        null,
        5,
        5,
        4,
        2,
        null,
        6,
        3,
        null,
        null,
        null,
        null,
        null,
        null,
        1,
        2,
        2,
        null,
        2,
        4,
        2,
        null,
        null,
        null
      ],
      "/media/sf_CS169/proj/app/models/period.rb": [
        1,
        1,
        1,
        null,
        1,
        null,
        5,
        5,
        null,
        5,
        null,
        null,
        5,
        null,
        5,
        5,
        5,
        5,
        5,
        5,
        5,
        null,
        null,
        5,
        0,
        null,
        0,
        0,
        0,
        null,
        null,
        null,
        null,
        null
      ],
      "/media/sf_CS169/proj/app/controllers/preferences_controller.rb": [
        1,
        null,
        null,
        1,
        1,
        null,
        1,
        1,
        1,
        null,
        null,
        null,
        null,
        null,
        1,
        1,
        null,
        1,
        1,
        1,
        null,
        null,
        null,
        null,
        null,
        1,
        1,
        null,
        1,
        1,
        1,
        null,
        null,
        null,
        null,
        1,
        1,
        null,
        null,
        null,
        null,
        1,
        5,
        null,
        5,
        5,
        6,
        3,
        null,
        4,
        2,
        null,
        null,
        null,
        null,
        null,
        null,
        1,
        5,
        null,
        5,
        5,
        4,
        2,
        null,
        6,
        3,
        null,
        null,
        null,
        null,
        null,
        null,
        1,
        2,
        2,
        null,
        2,
        4,
        2,
        null,
        null,
        null
      ],
      "/media/sf_CS169/proj/app/models/preference.rb": [
        1,
        1,
        null
      ],
      "/media/sf_CS169/proj/app/controllers/substitutions_controller.rb": [
        1,
        null,
        1,
        null,
        null,
        1,
        2,
        5,
        2,
        0,
        null,
        5,
        null,
        5,
        2,
        4,
        null,
        2,
        0,
        null,
        2,
        2,
        2,
        null,
        null,
        null,
        null,
        null,
        null,
        null,
        null,
        null,
        null,
        null,
        null,
        null,
        null,
        null,
        null,
        1,
        2,
        4,
        2,
        2,
        2,
        null,
        null,
        4,
        2,
        2,
        2,
        2,
        2,
        null,
        null,
        null,
        null,
        1,
        0,
        null,
        null,
        1,
        0,
        0,
        0,
        0,
        0,
        0,
        0,
        0,
        0,
        0,
        null,
        0,
        null,
        0,
        0,
        null,
        0,
        0,
        0,
        0,
        null,
        0,
        0,
        0,
        0,
        null,
        0,
        0,
        0,
        0,
        null,
        null,
        null,
        null,
        1,
        5,
        1,
        1,
        1,
        null,
        4,
        null,
        4,
        0,
        0,
        0,
        0,
        0,
        null,
        0,
        null,
        null,
        4,
        null,
        4,
        4,
        4,
        4,
        4,
        4,
        4,
        1,
        1,
        null,
        null,
        4,
        4,
        6,
        3,
        null,
        2,
        1,
        null,
        null,
        null,
        null,
        null,
        null,
        1,
        3,
        3,
        3,
        6,
        3,
        null,
        null,
        null,
        1,
        3,
        3,
        3,
        null,
        null,
        null,
        null,
        null,
        null,
        3,
        3,
        3,
        3,
        3,
        3,
        null,
        null,
        3,
        2,
        null,
        1,
        1,
        1,
        1,
        1,
        1,
        1,
        1,
        1,
        null,
        null,
        1,
        null,
        null,
        3,
        6,
        3,
        null,
        null,
        null
      ],
      "/media/sf_CS169/proj/app/models/substitution.rb": [
        1,
        1,
        1,
        1,
        null,
        1,
        1,
        null,
        null,
        1,
        1,
        null,
        null,
        null
      ],
      "/media/sf_CS169/proj/app/controllers/time_edits_controller.rb": [
        1,
        null,
        null,
        1,
        1,
        null,
        1,
        1,
        1,
        null,
        null,
        null,
        null,
        null,
        1,
        1,
        null,
        1,
        1,
        1,
        null,
        null,
        null,
        null,
        null,
        1,
        1,
        null,
        1,
        1,
        0,
        null,
        null,
        1,
        1,
        1,
        null,
        null,
        null,
        null,
        1,
        1,
        null,
        null,
        null,
        null,
        1,
        5,
        5,
        5,
        null,
        5,
        5,
        6,
        3,
        null,
        4,
        2,
        null,
        null,
        null,
        null,
        null,
        null,
        1,
        5,
        null,
        5,
        5,
        4,
        2,
        null,
        6,
        3,
        null,
        null,
        null,
        null,
        null,
        null,
        1,
        2,
        2,
        null,
        2,
        4,
        2,
        null,
        null,
        null
      ],
      "/media/sf_CS169/proj/app/models/time_edit.rb": [
        1,
        1,
        null
      ],
      "/media/sf_CS169/proj/app/controllers/time_off_requests_controller.rb": [
        null,
        null,
        1,
        null,
        null,
        1,
        1,
        0,
        null,
        1,
        null,
        null,
        1,
        1,
        1,
        null,
        null,
        null,
        null,
        null,
        null,
        1,
        0,
        null,
        0,
        0,
        0,
        null,
        null,
        null,
        null,
        null,
        1,
        1,
        1,
        1,
        1,
        null,
        null,
        null,
        null,
        1,
        1,
        null,
        null,
        null,
        null,
        1,
        5,
        5,
        null,
        5,
        5,
        2,
        4,
        2,
        null,
        3,
        3,
        6,
        3,
        null,
        0,
        0,
        null,
        null,
        null,
        null,
        null,
        null,
        null,
        1,
        5,
        5,
        5,
        6,
        3,
        null,
        4,
        2,
        null,
        null,
        null,
        null,
        null,
        null,
        1,
        2,
        2,
        null,
        2,
        4,
        2,
        null,
        null,
        null
      ],
      "/media/sf_CS169/proj/app/models/time_off_request.rb": [
        1,
        1,
        null,
        1,
        1,
        null,
        1,
        5,
        null,
        null,
        1,
        3,
        3,
        3,
        3,
        3,
        null,
        0,
        null,
        null,
        null,
        null
      ],
      "/media/sf_CS169/proj/app/controllers/users_controller.rb": [
        1,
        1,
        null,
        1,
        null,
        null,
        null,
        1,
        1,
        null,
        1,
        1,
        1,
        null,
        null,
        null,
        null,
        null,
        1,
        null,
        1,
        1,
        null,
        1,
        1,
        1,
        null,
        null,
        null,
        null,
        null,
        1,
        1,
        null,
        1,
        1,
        1,
        null,
        null,
        null,
        null,
        1,
        1,
        null,
        null,
        null,
        null,
        1,
        0,
        0,
        0,
        null,
        null,
        1,
        0,
        0,
        0,
        0,
        null,
        0,
        null,
        null,
        null,
        null,
        1,
        5,
        null,
        5,
        5,
        6,
        3,
        null,
        4,
        2,
        null,
        null,
        null,
        null,
        null,
        null,
        1,
        5,
        null,
        5,
        5,
        0,
        0,
        0,
        null,
        5,
        4,
        2,
        null,
        6,
        3,
        null,
        null,
        null,
        null,
        null,
        null,
        1,
        2,
        2,
        null,
        2,
        4,
        2,
        null,
        null,
        null,
        1,
        0,
        null,
        null,
        1,
        0,
        0,
        null,
        0,
        0,
        null,
        0,
        0,
        null,
        0,
        null,
        null,
        1,
        0,
        0,
        null,
        null,
        null,
        null
      ],
      "/media/sf_CS169/proj/app/models/user.rb": [
        1,
        1,
        1,
        1,
        1,
        1,
        1,
        1,
        1,
        1,
        null,
        null,
        null,
        1,
        1,
        null,
        1,
        6,
        null,
        null,
        null
      ],
      "/media/sf_CS169/proj/app/models/entry.rb": [
        null,
        1,
        1,
        1,
        1,
        1,
        1,
        null,
        null,
        1,
        6,
        null,
        null,
        null
      ],
      "/media/sf_CS169/proj/app/models/group_user.rb": [
        1,
        1,
        1,
        null
      ]
    },
    "timestamp": 1335155943
  }
}
